<?xml version="1.0" encoding="UTF-8"?>
<testsuite xmlns:xsi="http://www.w3.org/2001/XMLSchema-instance" xsi:noNamespaceSchemaLocation="https://maven.apache.org/surefire/maven-surefire-plugin/xsd/surefire-test-report-3.0.xsd" version="3.0" name="org.fpij.jitakyoei.model.dao.AlunoDaoTest" time="0.31" tests="4" errors="1" skipped="0" failures="0">
  <properties>
    <property name="java.specification.version" value="21"/>
    <property name="sun.cpu.isalist" value="amd64"/>
    <property name="sun.jnu.encoding" value="Cp1252"/>
    <property name="java.class.path" value="C:\Users\gutha\OneDrive\Desktop\Nova pasta\Teste de software\Projeto\target\test-classes;C:\Users\gutha\OneDrive\Desktop\Nova pasta\Teste de software\Projeto\target\classes;C:\Users\gutha\OneDrive\Desktop\Nova pasta\Teste de software\Projeto\lib\genesis\dist\genesis-annotation-jdk5-3.2.jar;C:\Users\gutha\OneDrive\Desktop\Nova pasta\Teste de software\Projeto\lib\genesis\dist\genesis-aspect-3.2.jar;C:\Users\gutha\OneDrive\Desktop\Nova pasta\Teste de software\Projeto\lib\genesis\dist\genesis-client-3.2.jar;C:\Users\gutha\OneDrive\Desktop\Nova pasta\Teste de software\Projeto\lib\genesis\dist\genesis-client-swing-3.2.jar;C:\Users\gutha\OneDrive\Desktop\Nova pasta\Teste de software\Projeto\lib\genesis\dist\genesis-client-swt-3.2.jar;C:\Users\gutha\OneDrive\Desktop\Nova pasta\Teste de software\Projeto\lib\genesis\dist\genesis-client-thinlet-3.2.jar;C:\Users\gutha\OneDrive\Desktop\Nova pasta\Teste de software\Projeto\lib\genesis\dist\genesis-container-3.2.jar;C:\Users\gutha\OneDrive\Desktop\Nova pasta\Teste de software\Projeto\lib\genesis\dist\genesis-server-3.2.jar;C:\Users\gutha\OneDrive\Desktop\Nova pasta\Teste de software\Projeto\lib\genesis\dist\genesis-shared-3.2.jar;C:\Users\gutha\OneDrive\Desktop\Nova pasta\Teste de software\Projeto\lib\genesis\dist\genesis-shared-annotated-3.2.jar;C:\Users\gutha\OneDrive\Desktop\Nova pasta\Teste de software\Projeto\lib\forms.jar;C:\Users\gutha\OneDrive\Desktop\Nova pasta\Teste de software\Projeto\lib\db4o-7.4.106.13438-java5.jar;C:\Users\gutha\OneDrive\Desktop\Nova pasta\Teste de software\Projeto\lib\jcalendar-1.3.3.jar;C:\Users\gutha\OneDrive\Desktop\Nova pasta\Teste de software\Projeto\lib\TableLayout.jar;C:\Users\gutha\.m2\repository\junit\junit\4.12\junit-4.12.jar;C:\Users\gutha\.m2\repository\org\hamcrest\hamcrest-core\1.3\hamcrest-core-1.3.jar;"/>
    <property name="java.vm.vendor" value="Oracle Corporation"/>
    <property name="sun.arch.data.model" value="64"/>
    <property name="user.variant" value=""/>
    <property name="java.vendor.url" value="https://java.oracle.com/"/>
    <property name="user.timezone" value="America/Sao_Paulo"/>
    <property name="os.name" value="Windows 11"/>
    <property name="java.vm.specification.version" value="21"/>
    <property name="sun.java.launcher" value="SUN_STANDARD"/>
    <property name="user.country" value="BR"/>
    <property name="sun.boot.library.path" value="C:\Users\gutha\.jdks\openjdk-21.0.1\bin"/>
    <property name="sun.java.command" value="C:\Users\gutha\AppData\Local\Temp\surefire3559659763746178554\surefirebooter-20241125142730268_3.jar C:\Users\gutha\AppData\Local\Temp\surefire3559659763746178554 2024-11-25T14-27-29_212-jvmRun1 surefire-20241125142730268_1tmp surefire_0-20241125142730268_2tmp"/>
    <property name="jdk.debug" value="release"/>
    <property name="surefire.test.class.path" value="C:\Users\gutha\OneDrive\Desktop\Nova pasta\Teste de software\Projeto\target\test-classes;C:\Users\gutha\OneDrive\Desktop\Nova pasta\Teste de software\Projeto\target\classes;C:\Users\gutha\OneDrive\Desktop\Nova pasta\Teste de software\Projeto\lib\genesis\dist\genesis-annotation-jdk5-3.2.jar;C:\Users\gutha\OneDrive\Desktop\Nova pasta\Teste de software\Projeto\lib\genesis\dist\genesis-aspect-3.2.jar;C:\Users\gutha\OneDrive\Desktop\Nova pasta\Teste de software\Projeto\lib\genesis\dist\genesis-client-3.2.jar;C:\Users\gutha\OneDrive\Desktop\Nova pasta\Teste de software\Projeto\lib\genesis\dist\genesis-client-swing-3.2.jar;C:\Users\gutha\OneDrive\Desktop\Nova pasta\Teste de software\Projeto\lib\genesis\dist\genesis-client-swt-3.2.jar;C:\Users\gutha\OneDrive\Desktop\Nova pasta\Teste de software\Projeto\lib\genesis\dist\genesis-client-thinlet-3.2.jar;C:\Users\gutha\OneDrive\Desktop\Nova pasta\Teste de software\Projeto\lib\genesis\dist\genesis-container-3.2.jar;C:\Users\gutha\OneDrive\Desktop\Nova pasta\Teste de software\Projeto\lib\genesis\dist\genesis-server-3.2.jar;C:\Users\gutha\OneDrive\Desktop\Nova pasta\Teste de software\Projeto\lib\genesis\dist\genesis-shared-3.2.jar;C:\Users\gutha\OneDrive\Desktop\Nova pasta\Teste de software\Projeto\lib\genesis\dist\genesis-shared-annotated-3.2.jar;C:\Users\gutha\OneDrive\Desktop\Nova pasta\Teste de software\Projeto\lib\forms.jar;C:\Users\gutha\OneDrive\Desktop\Nova pasta\Teste de software\Projeto\lib\db4o-7.4.106.13438-java5.jar;C:\Users\gutha\OneDrive\Desktop\Nova pasta\Teste de software\Projeto\lib\jcalendar-1.3.3.jar;C:\Users\gutha\OneDrive\Desktop\Nova pasta\Teste de software\Projeto\lib\TableLayout.jar;C:\Users\gutha\.m2\repository\junit\junit\4.12\junit-4.12.jar;C:\Users\gutha\.m2\repository\org\hamcrest\hamcrest-core\1.3\hamcrest-core-1.3.jar;"/>
    <property name="sun.cpu.endian" value="little"/>
    <property name="user.home" value="C:\Users\gutha"/>
    <property name="user.language" value="pt"/>
    <property name="java.specification.vendor" value="Oracle Corporation"/>
    <property name="java.version.date" value="2023-10-17"/>
    <property name="java.home" value="C:\Users\gutha\.jdks\openjdk-21.0.1"/>
    <property name="file.separator" value="\"/>
    <property name="basedir" value="C:\Users\gutha\OneDrive\Desktop\Nova pasta\Teste de software\Projeto"/>
    <property name="java.vm.compressedOopsMode" value="Zero based"/>
    <property name="line.separator" value="&#10;"/>
    <property name="java.vm.specification.vendor" value="Oracle Corporation"/>
    <property name="java.specification.name" value="Java Platform API Specification"/>
    <property name="surefire.real.class.path" value="C:\Users\gutha\AppData\Local\Temp\surefire3559659763746178554\surefirebooter-20241125142730268_3.jar"/>
    <property name="user.script" value=""/>
    <property name="sun.management.compiler" value="HotSpot 64-Bit Tiered Compilers"/>
    <property name="java.runtime.version" value="21.0.1+12-29"/>
    <property name="user.name" value="gutha"/>
    <property name="stdout.encoding" value="Cp1252"/>
    <property name="path.separator" value=";"/>
    <property name="os.version" value="10.0"/>
    <property name="java.runtime.name" value="OpenJDK Runtime Environment"/>
    <property name="file.encoding" value="UTF-8"/>
    <property name="java.vm.name" value="OpenJDK 64-Bit Server VM"/>
    <property name="localRepository" value="C:\Users\gutha\.m2\repository"/>
    <property name="java.vendor.url.bug" value="https://bugreport.java.com/bugreport/"/>
    <property name="java.io.tmpdir" value="C:\Users\gutha\AppData\Local\Temp\"/>
    <property name="idea.version" value="2023.3.2"/>
    <property name="java.version" value="21.0.1"/>
    <property name="user.dir" value="C:\Users\gutha\OneDrive\Desktop\Nova pasta\Teste de software\Projeto"/>
    <property name="os.arch" value="amd64"/>
    <property name="java.vm.specification.name" value="Java Virtual Machine Specification"/>
    <property name="sun.os.patch.level" value=""/>
    <property name="native.encoding" value="Cp1252"/>
    <property name="java.library.path" value="C:\Users\gutha\.jdks\openjdk-21.0.1\bin;C:\WINDOWS\Sun\Java\bin;C:\WINDOWS\system32;C:\WINDOWS;C:\Program Files\Common Files\Oracle\Java\javapath;C:\Program Files (x86)\Common Files\Oracle\Java\java8path;C:\Program Files (x86)\Common Files\Oracle\Java\javapath;C:\WINDOWS\system32;C:\WINDOWS;C:\WINDOWS\System32\Wbem;C:\WINDOWS\System32\WindowsPowerShell\v1.0\;C:\WINDOWS\System32\OpenSSH\;D:\Git\cmd;C:\Program Files\Java\jdk-17\bin;C:\Program Files\Microsoft SQL Server\150\Tools\Binn\;C:\Program Files\Microsoft SQL Server\Client SDK\ODBC\170\Tools\Binn\;C:\Program Files\dotnet\;C:\Program Files\NVIDIA Corporation\NVIDIA NvDLISR;C:\Program Files (x86)\NVIDIA Corporation\PhysX\Common;C:\Program Files\Amazon\AWSCLIV2\;C:\Users\gutha\AppData\Local\Programs\Python\Python312\Scripts\;C:\Users\gutha\AppData\Local\Programs\Python\Python312\;C:\Users\gutha\AppData\Local\Programs\Python\Launcher\;C:\Users\gutha\OneDrive\Desktop\Nova pasta\Sistemas_distribuidos_Projeto\llvm-mingw-20240518-msvcrt-x86_64\bin;C:\Users\gutha\AppData\Local\Microsoft\WindowsApps;D:\Microsoft VS Code\bin;C:\Users\gutha\.dotnet\tools;C:\Users\gutha\Downloads\apache-maven-3.9.9-bin\apache-maven-3.9.9\bin;;."/>
    <property name="java.vm.info" value="mixed mode, sharing"/>
    <property name="stderr.encoding" value="Cp1252"/>
    <property name="java.vendor" value="Oracle Corporation"/>
    <property name="java.vm.version" value="21.0.1+12-29"/>
    <property name="sun.io.unicode.encoding" value="UnicodeLittle"/>
    <property name="java.class.version" value="65.0"/>
  </properties>
  <testcase name="testSearchAluno" classname="org.fpij.jitakyoei.model.dao.AlunoDaoTest" time="0.057">
    <system-out><![CDATA[DAOImpl.save()
Nome: Aécio
RegistroCbj: null
DataNasc: Mon Nov 25 14:27:30 BRT 2024
E-mail: null
CPF: 036.464.453-27
]]></system-out>
  </testcase>
  <testcase name="testSalvarAlunoComAssociassoes" classname="org.fpij.jitakyoei.model.dao.AlunoDaoTest" time="0.001">
    <system-out><![CDATA[DAOImpl.save()
Nome: Aécio
RegistroCbj: null
DataNasc: Mon Nov 25 14:27:30 BRT 2024
E-mail: null
CPF: 036.464.453-27
]]></system-out>
  </testcase>
  <testcase name="updateAluno" classname="org.fpij.jitakyoei.model.dao.AlunoDaoTest" time="0.013">
    <system-out><![CDATA[DAOImpl.save()
Nome: Aécio
RegistroCbj: null
DataNasc: Mon Nov 25 14:27:30 BRT 2024
E-mail: null
CPF: 036.464.453-27
DAOImpl.save()
Nome: TesteUpdate
RegistroCbj: null
DataNasc: Mon Nov 25 14:27:30 BRT 2024
E-mail: null
CPF: 036.464.453-27
]]></system-out>
  </testcase>
  <testcase name="testListarEAdicionarAlunos" classname="org.fpij.jitakyoei.model.dao.AlunoDaoTest" time="0.005">
    <error message="Cannot invoke &quot;org.fpij.jitakyoei.model.beans.Filiado.toString()&quot; because &quot;this.filiado&quot; is null" type="java.lang.NullPointerException"><![CDATA[java.lang.NullPointerException: Cannot invoke "org.fpij.jitakyoei.model.beans.Filiado.toString()" because "this.filiado" is null
	at org.fpij.jitakyoei.model.beans.Aluno.toString(Aluno.java:27)
	at java.base/java.lang.String.valueOf(String.java:4461)
	at org.apache.maven.surefire.api.report.ConsoleOutputCapture$ForwardingPrintStream.println(ConsoleOutputCapture.java:110)
	at org.fpij.jitakyoei.model.dao.DAOImpl.save(DAOImpl.java:39)
	at org.fpij.jitakyoei.model.dao.AlunoDaoTest.testListarEAdicionarAlunos(AlunoDaoTest.java:111)
	at java.base/jdk.internal.reflect.DirectMethodHandleAccessor.invoke(DirectMethodHandleAccessor.java:103)
	at java.base/java.lang.reflect.Method.invoke(Method.java:580)
	at org.junit.runners.model.FrameworkMethod$1.runReflectiveCall(FrameworkMethod.java:50)
	at org.junit.internal.runners.model.ReflectiveCallable.run(ReflectiveCallable.java:12)
	at org.junit.runners.model.FrameworkMethod.invokeExplosively(FrameworkMethod.java:47)
	at org.junit.internal.runners.statements.InvokeMethod.evaluate(InvokeMethod.java:17)
	at org.junit.runners.ParentRunner.runLeaf(ParentRunner.java:325)
	at org.junit.runners.BlockJUnit4ClassRunner.runChild(BlockJUnit4ClassRunner.java:78)
	at org.junit.runners.BlockJUnit4ClassRunner.runChild(BlockJUnit4ClassRunner.java:57)
	at org.junit.runners.ParentRunner$3.run(ParentRunner.java:290)
	at org.junit.runners.ParentRunner$1.schedule(ParentRunner.java:71)
	at org.junit.runners.ParentRunner.runChildren(ParentRunner.java:288)
	at org.junit.runners.ParentRunner.access$000(ParentRunner.java:58)
	at org.junit.runners.ParentRunner$2.evaluate(ParentRunner.java:268)
	at org.junit.internal.runners.statements.RunBefores.evaluate(RunBefores.java:26)
	at org.junit.internal.runners.statements.RunAfters.evaluate(RunAfters.java:27)
	at org.junit.runners.ParentRunner.run(ParentRunner.java:363)
	at org.apache.maven.surefire.junit4.JUnit4Provider.execute(JUnit4Provider.java:316)
	at org.apache.maven.surefire.junit4.JUnit4Provider.executeWithRerun(JUnit4Provider.java:240)
	at org.apache.maven.surefire.junit4.JUnit4Provider.executeTestSet(JUnit4Provider.java:214)
	at org.apache.maven.surefire.junit4.JUnit4Provider.invoke(JUnit4Provider.java:155)
	at org.apache.maven.surefire.booter.ForkedBooter.runSuitesInProcess(ForkedBooter.java:385)
	at org.apache.maven.surefire.booter.ForkedBooter.execute(ForkedBooter.java:162)
	at org.apache.maven.surefire.booter.ForkedBooter.run(ForkedBooter.java:507)
	at org.apache.maven.surefire.booter.ForkedBooter.main(ForkedBooter.java:495)
]]></error>
    <system-out><![CDATA[DAOImpl.save()
]]></system-out>
  </testcase>
</testsuite>