<?xml version="1.0" encoding="UTF-8"?>
<testsuite xmlns:xsi="http://www.w3.org/2001/XMLSchema-instance" xsi:noNamespaceSchemaLocation="https://maven.apache.org/surefire/maven-surefire-plugin/xsd/surefire-test-report-3.0.xsd" version="3.0" name="org.fpij.jitakyoei.model.dao.EntidadeDaoTest" time="0.338" tests="4" errors="0" skipped="0" failures="0">
  <properties>
[...]
</properties>
  <testcase name="testSearchEntidade" classname="org.fpij.jitakyoei.model.dao.EntidadeDaoTest" time="0.307">
    <system-out><![CDATA[EntidadeBOImpl.createEntidade()
DAOImpl.save()
Academia Teste
]]></system-out>
  </testcase>
  <testcase name="testListAll" classname="org.fpij.jitakyoei.model.dao.EntidadeDaoTest" time="0.008">
    <system-out><![CDATA[EntidadeBOImpl.createEntidade()
DAOImpl.save()
Academia Teste
]]></system-out>
  </testcase>
  <testcase name="testUpdateEntidade" classname="org.fpij.jitakyoei.model.dao.EntidadeDaoTest" time="0.009">
    <system-out><![CDATA[EntidadeBOImpl.createEntidade()
DAOImpl.save()
Academia Teste
DAOImpl.save()
Academia Atualizada
]]></system-out>
  </testcase>
  <testcase name="testCreateEntidade" classname="org.fpij.jitakyoei.model.dao.EntidadeDaoTest" time="0.007">
    <system-out><![CDATA[EntidadeBOImpl.createEntidade()
DAOImpl.save()
Academia Teste
]]></system-out>
  </testcase>
</testsuite>